#-----------------------------------------------------------
# Vivado v2018.3 (64-bit)
# SW Build 2405991 on Thu Dec  6 23:38:27 MST 2018
# IP Build 2404404 on Fri Dec  7 01:43:56 MST 2018
# Start of session at: Sat May 27 12:17:42 2023
# Process ID: 7568
# Current directory: D:/PSN/animatie_VGA
# Command line: vivado.exe -gui_launcher_event rodinguilauncherevent5300 D:\PSN\animatie_VGA\animatie_VGA.xpr
# Log file: D:/PSN/animatie_VGA/vivado.log
# Journal file: D:/PSN/animatie_VGA\vivado.jou
#-----------------------------------------------------------
start_gui
open_project D:/PSN/animatie_VGA/animatie_VGA.xpr
Scanning sources...
Finished scanning sources
INFO: [IP_Flow 19-234] Refreshing IP repositories
INFO: [IP_Flow 19-1704] No user IP repositories specified
INFO: [IP_Flow 19-2313] Loaded Vivado IP repository 'D:/vivado/2018.3/data/ip'.
open_project: Time (s): cpu = 00:00:20 ; elapsed = 00:00:14 . Memory (MB): peak = 636.637 ; gain = 76.340
file mkdir D:/PSN/animatie_VGA/animatie_VGA.srcs/sources_1/new
close [ open D:/PSN/animatie_VGA/animatie_VGA.srcs/sources_1/new/Nexys4.vhd w ]
add_files D:/PSN/animatie_VGA/animatie_VGA.srcs/sources_1/new/Nexys4.vhd
close [ open D:/PSN/animatie_VGA/animatie_VGA.srcs/sources_1/new/VGA_pacman.vhd w ]
add_files D:/PSN/animatie_VGA/animatie_VGA.srcs/sources_1/new/VGA_pacman.vhd
update_compile_order -fileset sources_1
export_ip_user_files -of_objects  [get_files D:/PSN/animatie_VGA/animatie_VGA.srcs/sources_1/new/VGA_pacman.vhd] -no_script -reset -force -quiet
remove_files  D:/PSN/animatie_VGA/animatie_VGA.srcs/sources_1/new/VGA_pacman.vhd
close [ open D:/PSN/animatie_VGA/animatie_VGA.srcs/sources_1/new/VGA_animatie_pacman.vhd w ]
add_files D:/PSN/animatie_VGA/animatie_VGA.srcs/sources_1/new/VGA_animatie_pacman.vhd
update_compile_order -fileset sources_1
set_property source_mgmt_mode None [current_project]
set_property source_mgmt_mode All [current_project]
update_compile_order -fileset sources_1
add_files -fileset constrs_1 -norecurse D:/PSN/constr.xdc
export_ip_user_files -of_objects  [get_files D:/PSN/constr.xdc] -no_script -reset -force -quiet
remove_files  -fileset constrs_1 D:/PSN/constr.xdc
exit
INFO: [Common 17-206] Exiting Vivado at Sat May 27 12:40:03 2023...
