#-----------------------------------------------------------
# Vivado v2018.3 (64-bit)
# SW Build 2405991 on Thu Dec  6 23:38:27 MST 2018
# IP Build 2404404 on Fri Dec  7 01:43:56 MST 2018
# Start of session at: Thu Jun  1 00:31:37 2023
# Process ID: 9968
# Current directory: D:/PSN/animatie_VGA
# Command line: vivado.exe -gui_launcher_event rodinguilauncherevent11072 D:\PSN\animatie_VGA\animatie_VGA.xpr
# Log file: D:/PSN/animatie_VGA/vivado.log
# Journal file: D:/PSN/animatie_VGA\vivado.jou
#-----------------------------------------------------------
start_gui
open_project D:/PSN/animatie_VGA/animatie_VGA.xpr
Scanning sources...
Finished scanning sources
INFO: [IP_Flow 19-234] Refreshing IP repositories
INFO: [IP_Flow 19-1704] No user IP repositories specified
INFO: [IP_Flow 19-2313] Loaded Vivado IP repository 'D:/vivado/2018.3/data/ip'.
open_project: Time (s): cpu = 00:00:30 ; elapsed = 00:00:34 . Memory (MB): peak = 646.270 ; gain = 100.594
update_compile_order -fileset sources_1
exit
INFO: [Common 17-206] Exiting Vivado at Thu Jun  1 01:24:54 2023...
